/*C1*/SET SCHEMA SYSTEM_LOBS
INSERT INTO BLOCKS VALUES(0,2147483647,0)
COMMIT
/*C2*/SET SCHEMA PUBLIC
CREATE TABLE IF NOT EXISTS AL_CONFIGURATION ( PROPERTY_NAME VARCHAR(255) NOT NULL UNIQUE , PROPERTY_VALUE LONGVARCHAR ) 
CREATE TABLE IF NOT EXISTS AL_GROUPS ( GROUP_NAME VARCHAR(255) NOT NULL PRIMARY KEY , DESCRIPTION LONGVARCHAR ) 
CREATE TABLE IF NOT EXISTS AL_TABLES ( TABLE_NAME VARCHAR(255) NOT NULL PRIMARY KEY , GROUP_NAME VARCHAR(255) , DESCRIPTION LONGVARCHAR ) 
CREATE TABLE IF NOT EXISTS AL_CUSTOM_TYPE ( TABLE_NAME VARCHAR(255) , COLUMN_NAME VARCHAR(255) , TYPE VARCHAR(255) , NAME VARCHAR(255) ) 
CREATE TABLE IF NOT EXISTS AL_VIEWS ( VIEW_NAME VARCHAR(255) NOT NULL UNIQUE , VIEW_DEFINITION LONGVARCHAR , IS_VALID BOOLEAN ) 
CREATE TABLE IF NOT EXISTS AL_SELECTED_LOG_OBJECTS ( NAME VARCHAR(255) NOT NULL UNIQUE , TYPE VARCHAR(255) ) 
CREATE TABLE IF NOT EXISTS AL_DB_OBJECTS ( NAME VARCHAR(255) NOT NULL UNIQUE , TYPE VARCHAR(255) , USAGE VARCHAR(255) ) 
INSERT INTO AL_CONFIGURATION VALUES('VERSION','7.2.0')
INSERT INTO AL_SELECTED_LOG_OBJECTS VALUES('agents_log','VIEW')
INSERT INTO AL_SELECTED_LOG_OBJECTS VALUES('library_blocks_log','VIEW')
INSERT INTO AL_SELECTED_LOG_OBJECTS VALUES('agent_parameters_log','VIEW')
INSERT INTO AL_SELECTED_LOG_OBJECTS VALUES('library_block_parameters_log','VIEW')
INSERT INTO AL_SELECTED_LOG_OBJECTS VALUES('agent_movement_log','VIEW')
INSERT INTO AL_SELECTED_LOG_OBJECTS VALUES('agent_movement_stats_log','VIEW')
INSERT INTO AL_SELECTED_LOG_OBJECTS VALUES('agent_messages_log','VIEW')
INSERT INTO AL_SELECTED_LOG_OBJECTS VALUES('events_log','VIEW')
INSERT INTO AL_SELECTED_LOG_OBJECTS VALUES('flowchart_entries_log','VIEW')
INSERT INTO AL_SELECTED_LOG_OBJECTS VALUES('flowchart_process_states_log','VIEW')
INSERT INTO AL_SELECTED_LOG_OBJECTS VALUES('flowchart_stats_time_in_state_log','VIEW')
INSERT INTO AL_SELECTED_LOG_OBJECTS VALUES('resource_unit_states_log','VIEW')
INSERT INTO AL_SELECTED_LOG_OBJECTS VALUES('resource_unit_task_stats_log','VIEW')
INSERT INTO AL_SELECTED_LOG_OBJECTS VALUES('resource_pool_task_stats_log','VIEW')
INSERT INTO AL_SELECTED_LOG_OBJECTS VALUES('resource_pool_utilization_log','VIEW')
INSERT INTO AL_SELECTED_LOG_OBJECTS VALUES('resource_unit_utilization_log','VIEW')
INSERT INTO AL_SELECTED_LOG_OBJECTS VALUES('fluid_units_log','VIEW')
INSERT INTO AL_SELECTED_LOG_OBJECTS VALUES('fluid_storages_log','VIEW')
INSERT INTO AL_SELECTED_LOG_OBJECTS VALUES('fluid_rates_log','VIEW')
INSERT INTO AL_SELECTED_LOG_OBJECTS VALUES('fluid_utilization_log','VIEW')
INSERT INTO AL_SELECTED_LOG_OBJECTS VALUES('statechart_transitions_log','VIEW')
INSERT INTO AL_SELECTED_LOG_OBJECTS VALUES('agent_statechart_states_log','VIEW')
INSERT INTO AL_SELECTED_LOG_OBJECTS VALUES('agent_statechart_stats_log','VIEW')
INSERT INTO AL_SELECTED_LOG_OBJECTS VALUES('agent_type_statechart_stats_log','VIEW')
INSERT INTO AL_SELECTED_LOG_OBJECTS VALUES('statistics_log','VIEW')
INSERT INTO AL_SELECTED_LOG_OBJECTS VALUES('datasets_log','VIEW')
INSERT INTO AL_SELECTED_LOG_OBJECTS VALUES('histograms_log','VIEW')
INSERT INTO AL_SELECTED_LOG_OBJECTS VALUES('trace_log','VIEW')
COMMIT
CREATE TABLE sheet1 ( al_id INT IDENTITY , destination LONGVARCHAR NULL , departure_time TIMESTAMP NULL , gate INTEGER NULL ) 
INSERT INTO AL_TABLES VALUES('sheet1',NULL,'')
COMMIT
/*C3*/SET SCHEMA PUBLIC
INSERT INTO SHEET1 VALUES(0,'Chicago','2014-12-21 13:20:00.000000',2)
INSERT INTO SHEET1 VALUES(1,'Twin Peaks','2014-12-21 13:55:00.000000',1)
INSERT INTO SHEET1 VALUES(2,'New York','2014-12-21 15:10:00.000000',2)
INSERT INTO SHEET1 VALUES(3,'Dogville','2014-12-21 16:10:00.000000',1)
INSERT INTO SHEET1 VALUES(4,'Las Vegas','2014-12-21 16:30:00.000000',2)
INSERT INTO SHEET1 VALUES(5,'Zabriskie Point','2014-12-21 17:15:00.000000',1)
INSERT INTO SHEET1 VALUES(6,'San Francisco','2014-12-21 17:45:00.000000',2)
INSERT INTO SHEET1 VALUES(7,'Mesa Verde','2014-12-21 18:40:00.000000',1)
INSERT INTO SHEET1 VALUES(8,'Rimini','2014-12-21 19:25:00.000000',2)
INSERT INTO SHEET1 VALUES(9,'Mandarlay','2014-12-21 20:30:00.000000',1)
INSERT INTO SHEET1 VALUES(10,'Washington','2014-12-21 21:30:00.000000',2)
INSERT INTO SHEET1 VALUES(11,'Springfield','2014-12-21 22:20:00.000000',1)
COMMIT
DISCONNECT
/*C2*/DISCONNECT
/*C5*/SET SCHEMA PUBLIC
DISCONNECT
/*C4*/SET SCHEMA PUBLIC
DISCONNECT
/*C7*/SET SCHEMA PUBLIC
DISCONNECT
/*C8*/SET SCHEMA PUBLIC
DISCONNECT
/*C9*/SET SCHEMA PUBLIC
DISCONNECT
/*C6*/SET SCHEMA PUBLIC
DISCONNECT
/*C11*/SET SCHEMA PUBLIC
DISCONNECT
/*C10*/SET SCHEMA PUBLIC
DISCONNECT
/*C13*/SET SCHEMA PUBLIC
DISCONNECT
/*C12*/SET SCHEMA PUBLIC
DISCONNECT
/*C15*/SET SCHEMA PUBLIC
DISCONNECT
/*C14*/SET SCHEMA PUBLIC
DISCONNECT
